Grammar

    0 $accept: programa $end

    1 $@1: %empty

    2 programa: cabecalho variaveis $@1 T_INICIO lista_comandos T_FIM

    3 cabecalho: T_PROGRAMA T_IDENTIF

    4 variaveis: %empty
    5          | declaracao_variaveis

    6 declaracao_variaveis: tipo lista_variaveis declaracao_variaveis
    7                     | tipo lista_variaveis

    8 tipo: T_INTEIRO
    9     | T_LOGICO

   10 lista_variaveis: lista_variaveis variavel
   11                | variavel

   12 $@2: %empty

   13 variavel: T_IDENTIF $@2 tamanho

   14 tamanho: %empty

   15 $@3: %empty

   16 tamanho: T_INICIO_VETOR T_NUMERO $@3 T_FIM_VETOR

   17 lista_comandos: %empty
   18               | comando lista_comandos

   19 comando: leitura
   20        | escrita
   21        | repita
   22        | repeticao
   23        | selecao
   24        | atribuicao

   25 leitura: T_LEIA T_IDENTIF

   26 escrita: T_ESCREVA expr

   27 $@4: %empty

   28 $@5: %empty

   29 repeticao: T_ENQTO $@4 expr T_FACA $@5 lista_comandos T_FIMENQTO

   30 $@6: %empty

   31 $@7: %empty

   32 repita: T_REPITA $@6 lista_comandos T_ATE $@7 expr T_FIMREPITA

   33 $@8: %empty

   34 $@9: %empty

   35 selecao: T_SE expr T_ENTAO $@8 lista_comandos T_SENAO $@9 lista_comandos T_FIMSE

   36 $@10: %empty

   37 atribuicao: T_IDENTIF $@10 posicao T_ATRIB expr

   38 expr: expr T_VEZES expr
   39     | expr T_DIV expr
   40     | expr T_MAIS expr
   41     | expr T_MENOS expr
   42     | expr T_MAIOR expr
   43     | expr T_MENOR expr
   44     | expr T_IGUAL expr
   45     | expr T_E expr
   46     | expr T_OU expr
   47     | termo

   48 indice: %empty

   49 $@11: %empty

   50 indice: T_INICIO_VETOR expr $@11 T_FIM_VETOR

   51 posicao: %empty

   52 $@12: %empty

   53 posicao: T_INICIO_VETOR expr $@12 T_FIM_VETOR

   54 termo: T_IDENTIF indice
   55      | T_NUMERO
   56      | T_V
   57      | T_F
   58      | T_NAO termo
   59      | T_ABRE expr T_FECHA


Terminals, with rules where they appear

    $end (0) 0
    error (256)
    T_PROGRAMA (258) 3
    T_FIM (259) 2
    T_LEIA (260) 25
    T_INICIO (261) 2
    T_ESCREVA (262) 26
    T_SE (263) 35
    T_ENTAO (264) 35
    T_SENAO (265) 35
    T_FIMSE (266) 35
    T_ENQTO (267) 29
    T_FIMENQTO (268) 29
    T_FACA (269) 29
    T_REPITA (270) 32
    T_ATE (271) 32
    T_FIMREPITA (272) 32
    T_INTEIRO (273) 8
    T_LOGICO (274) 9
    T_V (275) 56
    T_F (276) 57
    T_MAIS (277) 40
    T_MENOS (278) 41
    T_VEZES (279) 38
    T_E (280) 45
    T_OU (281) 46
    T_NAO (282) 58
    T_MAIOR (283) 42
    T_MENOR (284) 43
    T_ATRIB (285) 37
    T_ABRE (286) 59
    T_FECHA (287) 59
    T_IDENTIF (288) 3 13 25 37 54
    T_NUMERO (289) 16 55
    T_INICIO_VETOR (290) 16 50 53
    T_FIM_VETOR (291) 16 50 53
    T_IGUAL (292) 44
    T_DIV (293) 39


Nonterminals, with rules where they appear

    $accept (39)
        on left: 0
    programa (40)
        on left: 2
        on right: 0
    $@1 (41)
        on left: 1
        on right: 2
    cabecalho (42)
        on left: 3
        on right: 2
    variaveis (43)
        on left: 4 5
        on right: 2
    declaracao_variaveis (44)
        on left: 6 7
        on right: 5 6
    tipo (45)
        on left: 8 9
        on right: 6 7
    lista_variaveis (46)
        on left: 10 11
        on right: 6 7 10
    variavel (47)
        on left: 13
        on right: 10 11
    $@2 (48)
        on left: 12
        on right: 13
    tamanho (49)
        on left: 14 16
        on right: 13
    $@3 (50)
        on left: 15
        on right: 16
    lista_comandos (51)
        on left: 17 18
        on right: 2 18 29 32 35
    comando (52)
        on left: 19 20 21 22 23 24
        on right: 18
    leitura (53)
        on left: 25
        on right: 19
    escrita (54)
        on left: 26
        on right: 20
    repeticao (55)
        on left: 29
        on right: 22
    $@4 (56)
        on left: 27
        on right: 29
    $@5 (57)
        on left: 28
        on right: 29
    repita (58)
        on left: 32
        on right: 21
    $@6 (59)
        on left: 30
        on right: 32
    $@7 (60)
        on left: 31
        on right: 32
    selecao (61)
        on left: 35
        on right: 23
    $@8 (62)
        on left: 33
        on right: 35
    $@9 (63)
        on left: 34
        on right: 35
    atribuicao (64)
        on left: 37
        on right: 24
    $@10 (65)
        on left: 36
        on right: 37
    expr (66)
        on left: 38 39 40 41 42 43 44 45 46 47
        on right: 26 29 32 35 37 38 39 40 41 42 43 44 45 46 50 53 59
    indice (67)
        on left: 48 50
        on right: 54
    $@11 (68)
        on left: 49
        on right: 50
    posicao (69)
        on left: 51 53
        on right: 37
    $@12 (70)
        on left: 52
        on right: 53
    termo (71)
        on left: 54 55 56 57 58 59
        on right: 47 58


State 0

    0 $accept: . programa $end

    T_PROGRAMA  shift, and go to state 1

    programa   go to state 2
    cabecalho  go to state 3


State 1

    3 cabecalho: T_PROGRAMA . T_IDENTIF

    T_IDENTIF  shift, and go to state 4


State 2

    0 $accept: programa . $end

    $end  shift, and go to state 5


State 3

    2 programa: cabecalho . variaveis $@1 T_INICIO lista_comandos T_FIM

    T_INTEIRO  shift, and go to state 6
    T_LOGICO   shift, and go to state 7

    $default  reduce using rule 4 (variaveis)

    variaveis             go to state 8
    declaracao_variaveis  go to state 9
    tipo                  go to state 10


State 4

    3 cabecalho: T_PROGRAMA T_IDENTIF .

    $default  reduce using rule 3 (cabecalho)


State 5

    0 $accept: programa $end .

    $default  accept


State 6

    8 tipo: T_INTEIRO .

    $default  reduce using rule 8 (tipo)


State 7

    9 tipo: T_LOGICO .

    $default  reduce using rule 9 (tipo)


State 8

    2 programa: cabecalho variaveis . $@1 T_INICIO lista_comandos T_FIM

    $default  reduce using rule 1 ($@1)

    $@1  go to state 11


State 9

    5 variaveis: declaracao_variaveis .

    $default  reduce using rule 5 (variaveis)


State 10

    6 declaracao_variaveis: tipo . lista_variaveis declaracao_variaveis
    7                     | tipo . lista_variaveis

    T_IDENTIF  shift, and go to state 12

    lista_variaveis  go to state 13
    variavel         go to state 14


State 11

    2 programa: cabecalho variaveis $@1 . T_INICIO lista_comandos T_FIM

    T_INICIO  shift, and go to state 15


State 12

   13 variavel: T_IDENTIF . $@2 tamanho

    $default  reduce using rule 12 ($@2)

    $@2  go to state 16


State 13

    6 declaracao_variaveis: tipo lista_variaveis . declaracao_variaveis
    7                     | tipo lista_variaveis .
   10 lista_variaveis: lista_variaveis . variavel

    T_INTEIRO  shift, and go to state 6
    T_LOGICO   shift, and go to state 7
    T_IDENTIF  shift, and go to state 12

    $default  reduce using rule 7 (declaracao_variaveis)

    declaracao_variaveis  go to state 17
    tipo                  go to state 10
    variavel              go to state 18


State 14

   11 lista_variaveis: variavel .

    $default  reduce using rule 11 (lista_variaveis)


State 15

    2 programa: cabecalho variaveis $@1 T_INICIO . lista_comandos T_FIM

    T_LEIA     shift, and go to state 19
    T_ESCREVA  shift, and go to state 20
    T_SE       shift, and go to state 21
    T_ENQTO    shift, and go to state 22
    T_REPITA   shift, and go to state 23
    T_IDENTIF  shift, and go to state 24

    $default  reduce using rule 17 (lista_comandos)

    lista_comandos  go to state 25
    comando         go to state 26
    leitura         go to state 27
    escrita         go to state 28
    repeticao       go to state 29
    repita          go to state 30
    selecao         go to state 31
    atribuicao      go to state 32


State 16

   13 variavel: T_IDENTIF $@2 . tamanho

    T_INICIO_VETOR  shift, and go to state 33

    $default  reduce using rule 14 (tamanho)

    tamanho  go to state 34


State 17

    6 declaracao_variaveis: tipo lista_variaveis declaracao_variaveis .

    $default  reduce using rule 6 (declaracao_variaveis)


State 18

   10 lista_variaveis: lista_variaveis variavel .

    $default  reduce using rule 10 (lista_variaveis)


State 19

   25 leitura: T_LEIA . T_IDENTIF

    T_IDENTIF  shift, and go to state 35


State 20

   26 escrita: T_ESCREVA . expr

    T_V        shift, and go to state 36
    T_F        shift, and go to state 37
    T_NAO      shift, and go to state 38
    T_ABRE     shift, and go to state 39
    T_IDENTIF  shift, and go to state 40
    T_NUMERO   shift, and go to state 41

    expr   go to state 42
    termo  go to state 43


State 21

   35 selecao: T_SE . expr T_ENTAO $@8 lista_comandos T_SENAO $@9 lista_comandos T_FIMSE

    T_V        shift, and go to state 36
    T_F        shift, and go to state 37
    T_NAO      shift, and go to state 38
    T_ABRE     shift, and go to state 39
    T_IDENTIF  shift, and go to state 40
    T_NUMERO   shift, and go to state 41

    expr   go to state 44
    termo  go to state 43


State 22

   29 repeticao: T_ENQTO . $@4 expr T_FACA $@5 lista_comandos T_FIMENQTO

    $default  reduce using rule 27 ($@4)

    $@4  go to state 45


State 23

   32 repita: T_REPITA . $@6 lista_comandos T_ATE $@7 expr T_FIMREPITA

    $default  reduce using rule 30 ($@6)

    $@6  go to state 46


State 24

   37 atribuicao: T_IDENTIF . $@10 posicao T_ATRIB expr

    $default  reduce using rule 36 ($@10)

    $@10  go to state 47


State 25

    2 programa: cabecalho variaveis $@1 T_INICIO lista_comandos . T_FIM

    T_FIM  shift, and go to state 48


State 26

   18 lista_comandos: comando . lista_comandos

    T_LEIA     shift, and go to state 19
    T_ESCREVA  shift, and go to state 20
    T_SE       shift, and go to state 21
    T_ENQTO    shift, and go to state 22
    T_REPITA   shift, and go to state 23
    T_IDENTIF  shift, and go to state 24

    $default  reduce using rule 17 (lista_comandos)

    lista_comandos  go to state 49
    comando         go to state 26
    leitura         go to state 27
    escrita         go to state 28
    repeticao       go to state 29
    repita          go to state 30
    selecao         go to state 31
    atribuicao      go to state 32


State 27

   19 comando: leitura .

    $default  reduce using rule 19 (comando)


State 28

   20 comando: escrita .

    $default  reduce using rule 20 (comando)


State 29

   22 comando: repeticao .

    $default  reduce using rule 22 (comando)


State 30

   21 comando: repita .

    $default  reduce using rule 21 (comando)


State 31

   23 comando: selecao .

    $default  reduce using rule 23 (comando)


State 32

   24 comando: atribuicao .

    $default  reduce using rule 24 (comando)


State 33

   16 tamanho: T_INICIO_VETOR . T_NUMERO $@3 T_FIM_VETOR

    T_NUMERO  shift, and go to state 50


State 34

   13 variavel: T_IDENTIF $@2 tamanho .

    $default  reduce using rule 13 (variavel)


State 35

   25 leitura: T_LEIA T_IDENTIF .

    $default  reduce using rule 25 (leitura)


State 36

   56 termo: T_V .

    $default  reduce using rule 56 (termo)


State 37

   57 termo: T_F .

    $default  reduce using rule 57 (termo)


State 38

   58 termo: T_NAO . termo

    T_V        shift, and go to state 36
    T_F        shift, and go to state 37
    T_NAO      shift, and go to state 38
    T_ABRE     shift, and go to state 39
    T_IDENTIF  shift, and go to state 40
    T_NUMERO   shift, and go to state 41

    termo  go to state 51


State 39

   59 termo: T_ABRE . expr T_FECHA

    T_V        shift, and go to state 36
    T_F        shift, and go to state 37
    T_NAO      shift, and go to state 38
    T_ABRE     shift, and go to state 39
    T_IDENTIF  shift, and go to state 40
    T_NUMERO   shift, and go to state 41

    expr   go to state 52
    termo  go to state 43


State 40

   54 termo: T_IDENTIF . indice

    T_INICIO_VETOR  shift, and go to state 53

    $default  reduce using rule 48 (indice)

    indice  go to state 54


State 41

   55 termo: T_NUMERO .

    $default  reduce using rule 55 (termo)


State 42

   26 escrita: T_ESCREVA expr .
   38 expr: expr . T_VEZES expr
   39     | expr . T_DIV expr
   40     | expr . T_MAIS expr
   41     | expr . T_MENOS expr
   42     | expr . T_MAIOR expr
   43     | expr . T_MENOR expr
   44     | expr . T_IGUAL expr
   45     | expr . T_E expr
   46     | expr . T_OU expr

    T_MAIS   shift, and go to state 55
    T_MENOS  shift, and go to state 56
    T_VEZES  shift, and go to state 57
    T_E      shift, and go to state 58
    T_OU     shift, and go to state 59
    T_MAIOR  shift, and go to state 60
    T_MENOR  shift, and go to state 61
    T_IGUAL  shift, and go to state 62
    T_DIV    shift, and go to state 63

    $default  reduce using rule 26 (escrita)


State 43

   47 expr: termo .

    $default  reduce using rule 47 (expr)


State 44

   35 selecao: T_SE expr . T_ENTAO $@8 lista_comandos T_SENAO $@9 lista_comandos T_FIMSE
   38 expr: expr . T_VEZES expr
   39     | expr . T_DIV expr
   40     | expr . T_MAIS expr
   41     | expr . T_MENOS expr
   42     | expr . T_MAIOR expr
   43     | expr . T_MENOR expr
   44     | expr . T_IGUAL expr
   45     | expr . T_E expr
   46     | expr . T_OU expr

    T_ENTAO  shift, and go to state 64
    T_MAIS   shift, and go to state 55
    T_MENOS  shift, and go to state 56
    T_VEZES  shift, and go to state 57
    T_E      shift, and go to state 58
    T_OU     shift, and go to state 59
    T_MAIOR  shift, and go to state 60
    T_MENOR  shift, and go to state 61
    T_IGUAL  shift, and go to state 62
    T_DIV    shift, and go to state 63


State 45

   29 repeticao: T_ENQTO $@4 . expr T_FACA $@5 lista_comandos T_FIMENQTO

    T_V        shift, and go to state 36
    T_F        shift, and go to state 37
    T_NAO      shift, and go to state 38
    T_ABRE     shift, and go to state 39
    T_IDENTIF  shift, and go to state 40
    T_NUMERO   shift, and go to state 41

    expr   go to state 65
    termo  go to state 43


State 46

   32 repita: T_REPITA $@6 . lista_comandos T_ATE $@7 expr T_FIMREPITA

    T_LEIA     shift, and go to state 19
    T_ESCREVA  shift, and go to state 20
    T_SE       shift, and go to state 21
    T_ENQTO    shift, and go to state 22
    T_REPITA   shift, and go to state 23
    T_IDENTIF  shift, and go to state 24

    $default  reduce using rule 17 (lista_comandos)

    lista_comandos  go to state 66
    comando         go to state 26
    leitura         go to state 27
    escrita         go to state 28
    repeticao       go to state 29
    repita          go to state 30
    selecao         go to state 31
    atribuicao      go to state 32


State 47

   37 atribuicao: T_IDENTIF $@10 . posicao T_ATRIB expr

    T_INICIO_VETOR  shift, and go to state 67

    $default  reduce using rule 51 (posicao)

    posicao  go to state 68


State 48

    2 programa: cabecalho variaveis $@1 T_INICIO lista_comandos T_FIM .

    $default  reduce using rule 2 (programa)


State 49

   18 lista_comandos: comando lista_comandos .

    $default  reduce using rule 18 (lista_comandos)


State 50

   16 tamanho: T_INICIO_VETOR T_NUMERO . $@3 T_FIM_VETOR

    $default  reduce using rule 15 ($@3)

    $@3  go to state 69


State 51

   58 termo: T_NAO termo .

    $default  reduce using rule 58 (termo)


State 52

   38 expr: expr . T_VEZES expr
   39     | expr . T_DIV expr
   40     | expr . T_MAIS expr
   41     | expr . T_MENOS expr
   42     | expr . T_MAIOR expr
   43     | expr . T_MENOR expr
   44     | expr . T_IGUAL expr
   45     | expr . T_E expr
   46     | expr . T_OU expr
   59 termo: T_ABRE expr . T_FECHA

    T_MAIS   shift, and go to state 55
    T_MENOS  shift, and go to state 56
    T_VEZES  shift, and go to state 57
    T_E      shift, and go to state 58
    T_OU     shift, and go to state 59
    T_MAIOR  shift, and go to state 60
    T_MENOR  shift, and go to state 61
    T_FECHA  shift, and go to state 70
    T_IGUAL  shift, and go to state 62
    T_DIV    shift, and go to state 63


State 53

   50 indice: T_INICIO_VETOR . expr $@11 T_FIM_VETOR

    T_V        shift, and go to state 36
    T_F        shift, and go to state 37
    T_NAO      shift, and go to state 38
    T_ABRE     shift, and go to state 39
    T_IDENTIF  shift, and go to state 40
    T_NUMERO   shift, and go to state 41

    expr   go to state 71
    termo  go to state 43


State 54

   54 termo: T_IDENTIF indice .

    $default  reduce using rule 54 (termo)


State 55

   40 expr: expr T_MAIS . expr

    T_V        shift, and go to state 36
    T_F        shift, and go to state 37
    T_NAO      shift, and go to state 38
    T_ABRE     shift, and go to state 39
    T_IDENTIF  shift, and go to state 40
    T_NUMERO   shift, and go to state 41

    expr   go to state 72
    termo  go to state 43


State 56

   41 expr: expr T_MENOS . expr

    T_V        shift, and go to state 36
    T_F        shift, and go to state 37
    T_NAO      shift, and go to state 38
    T_ABRE     shift, and go to state 39
    T_IDENTIF  shift, and go to state 40
    T_NUMERO   shift, and go to state 41

    expr   go to state 73
    termo  go to state 43


State 57

   38 expr: expr T_VEZES . expr

    T_V        shift, and go to state 36
    T_F        shift, and go to state 37
    T_NAO      shift, and go to state 38
    T_ABRE     shift, and go to state 39
    T_IDENTIF  shift, and go to state 40
    T_NUMERO   shift, and go to state 41

    expr   go to state 74
    termo  go to state 43


State 58

   45 expr: expr T_E . expr

    T_V        shift, and go to state 36
    T_F        shift, and go to state 37
    T_NAO      shift, and go to state 38
    T_ABRE     shift, and go to state 39
    T_IDENTIF  shift, and go to state 40
    T_NUMERO   shift, and go to state 41

    expr   go to state 75
    termo  go to state 43


State 59

   46 expr: expr T_OU . expr

    T_V        shift, and go to state 36
    T_F        shift, and go to state 37
    T_NAO      shift, and go to state 38
    T_ABRE     shift, and go to state 39
    T_IDENTIF  shift, and go to state 40
    T_NUMERO   shift, and go to state 41

    expr   go to state 76
    termo  go to state 43


State 60

   42 expr: expr T_MAIOR . expr

    T_V        shift, and go to state 36
    T_F        shift, and go to state 37
    T_NAO      shift, and go to state 38
    T_ABRE     shift, and go to state 39
    T_IDENTIF  shift, and go to state 40
    T_NUMERO   shift, and go to state 41

    expr   go to state 77
    termo  go to state 43


State 61

   43 expr: expr T_MENOR . expr

    T_V        shift, and go to state 36
    T_F        shift, and go to state 37
    T_NAO      shift, and go to state 38
    T_ABRE     shift, and go to state 39
    T_IDENTIF  shift, and go to state 40
    T_NUMERO   shift, and go to state 41

    expr   go to state 78
    termo  go to state 43


State 62

   44 expr: expr T_IGUAL . expr

    T_V        shift, and go to state 36
    T_F        shift, and go to state 37
    T_NAO      shift, and go to state 38
    T_ABRE     shift, and go to state 39
    T_IDENTIF  shift, and go to state 40
    T_NUMERO   shift, and go to state 41

    expr   go to state 79
    termo  go to state 43


State 63

   39 expr: expr T_DIV . expr

    T_V        shift, and go to state 36
    T_F        shift, and go to state 37
    T_NAO      shift, and go to state 38
    T_ABRE     shift, and go to state 39
    T_IDENTIF  shift, and go to state 40
    T_NUMERO   shift, and go to state 41

    expr   go to state 80
    termo  go to state 43


State 64

   35 selecao: T_SE expr T_ENTAO . $@8 lista_comandos T_SENAO $@9 lista_comandos T_FIMSE

    $default  reduce using rule 33 ($@8)

    $@8  go to state 81


State 65

   29 repeticao: T_ENQTO $@4 expr . T_FACA $@5 lista_comandos T_FIMENQTO
   38 expr: expr . T_VEZES expr
   39     | expr . T_DIV expr
   40     | expr . T_MAIS expr
   41     | expr . T_MENOS expr
   42     | expr . T_MAIOR expr
   43     | expr . T_MENOR expr
   44     | expr . T_IGUAL expr
   45     | expr . T_E expr
   46     | expr . T_OU expr

    T_FACA   shift, and go to state 82
    T_MAIS   shift, and go to state 55
    T_MENOS  shift, and go to state 56
    T_VEZES  shift, and go to state 57
    T_E      shift, and go to state 58
    T_OU     shift, and go to state 59
    T_MAIOR  shift, and go to state 60
    T_MENOR  shift, and go to state 61
    T_IGUAL  shift, and go to state 62
    T_DIV    shift, and go to state 63


State 66

   32 repita: T_REPITA $@6 lista_comandos . T_ATE $@7 expr T_FIMREPITA

    T_ATE  shift, and go to state 83


State 67

   53 posicao: T_INICIO_VETOR . expr $@12 T_FIM_VETOR

    T_V        shift, and go to state 36
    T_F        shift, and go to state 37
    T_NAO      shift, and go to state 38
    T_ABRE     shift, and go to state 39
    T_IDENTIF  shift, and go to state 40
    T_NUMERO   shift, and go to state 41

    expr   go to state 84
    termo  go to state 43


State 68

   37 atribuicao: T_IDENTIF $@10 posicao . T_ATRIB expr

    T_ATRIB  shift, and go to state 85


State 69

   16 tamanho: T_INICIO_VETOR T_NUMERO $@3 . T_FIM_VETOR

    T_FIM_VETOR  shift, and go to state 86


State 70

   59 termo: T_ABRE expr T_FECHA .

    $default  reduce using rule 59 (termo)


State 71

   38 expr: expr . T_VEZES expr
   39     | expr . T_DIV expr
   40     | expr . T_MAIS expr
   41     | expr . T_MENOS expr
   42     | expr . T_MAIOR expr
   43     | expr . T_MENOR expr
   44     | expr . T_IGUAL expr
   45     | expr . T_E expr
   46     | expr . T_OU expr
   50 indice: T_INICIO_VETOR expr . $@11 T_FIM_VETOR

    T_MAIS   shift, and go to state 55
    T_MENOS  shift, and go to state 56
    T_VEZES  shift, and go to state 57
    T_E      shift, and go to state 58
    T_OU     shift, and go to state 59
    T_MAIOR  shift, and go to state 60
    T_MENOR  shift, and go to state 61
    T_IGUAL  shift, and go to state 62
    T_DIV    shift, and go to state 63

    $default  reduce using rule 49 ($@11)

    $@11  go to state 87


State 72

   38 expr: expr . T_VEZES expr
   39     | expr . T_DIV expr
   40     | expr . T_MAIS expr
   40     | expr T_MAIS expr .
   41     | expr . T_MENOS expr
   42     | expr . T_MAIOR expr
   43     | expr . T_MENOR expr
   44     | expr . T_IGUAL expr
   45     | expr . T_E expr
   46     | expr . T_OU expr

    T_VEZES  shift, and go to state 57
    T_DIV    shift, and go to state 63

    $default  reduce using rule 40 (expr)


State 73

   38 expr: expr . T_VEZES expr
   39     | expr . T_DIV expr
   40     | expr . T_MAIS expr
   41     | expr . T_MENOS expr
   41     | expr T_MENOS expr .
   42     | expr . T_MAIOR expr
   43     | expr . T_MENOR expr
   44     | expr . T_IGUAL expr
   45     | expr . T_E expr
   46     | expr . T_OU expr

    T_VEZES  shift, and go to state 57
    T_DIV    shift, and go to state 63

    $default  reduce using rule 41 (expr)


State 74

   38 expr: expr . T_VEZES expr
   38     | expr T_VEZES expr .
   39     | expr . T_DIV expr
   40     | expr . T_MAIS expr
   41     | expr . T_MENOS expr
   42     | expr . T_MAIOR expr
   43     | expr . T_MENOR expr
   44     | expr . T_IGUAL expr
   45     | expr . T_E expr
   46     | expr . T_OU expr

    $default  reduce using rule 38 (expr)


State 75

   38 expr: expr . T_VEZES expr
   39     | expr . T_DIV expr
   40     | expr . T_MAIS expr
   41     | expr . T_MENOS expr
   42     | expr . T_MAIOR expr
   43     | expr . T_MENOR expr
   44     | expr . T_IGUAL expr
   45     | expr . T_E expr
   45     | expr T_E expr .
   46     | expr . T_OU expr

    T_MAIS   shift, and go to state 55
    T_MENOS  shift, and go to state 56
    T_VEZES  shift, and go to state 57
    T_MAIOR  shift, and go to state 60
    T_MENOR  shift, and go to state 61
    T_IGUAL  shift, and go to state 62
    T_DIV    shift, and go to state 63

    $default  reduce using rule 45 (expr)


State 76

   38 expr: expr . T_VEZES expr
   39     | expr . T_DIV expr
   40     | expr . T_MAIS expr
   41     | expr . T_MENOS expr
   42     | expr . T_MAIOR expr
   43     | expr . T_MENOR expr
   44     | expr . T_IGUAL expr
   45     | expr . T_E expr
   46     | expr . T_OU expr
   46     | expr T_OU expr .

    T_MAIS   shift, and go to state 55
    T_MENOS  shift, and go to state 56
    T_VEZES  shift, and go to state 57
    T_MAIOR  shift, and go to state 60
    T_MENOR  shift, and go to state 61
    T_IGUAL  shift, and go to state 62
    T_DIV    shift, and go to state 63

    $default  reduce using rule 46 (expr)


State 77

   38 expr: expr . T_VEZES expr
   39     | expr . T_DIV expr
   40     | expr . T_MAIS expr
   41     | expr . T_MENOS expr
   42     | expr . T_MAIOR expr
   42     | expr T_MAIOR expr .
   43     | expr . T_MENOR expr
   44     | expr . T_IGUAL expr
   45     | expr . T_E expr
   46     | expr . T_OU expr

    T_MAIS   shift, and go to state 55
    T_MENOS  shift, and go to state 56
    T_VEZES  shift, and go to state 57
    T_DIV    shift, and go to state 63

    $default  reduce using rule 42 (expr)


State 78

   38 expr: expr . T_VEZES expr
   39     | expr . T_DIV expr
   40     | expr . T_MAIS expr
   41     | expr . T_MENOS expr
   42     | expr . T_MAIOR expr
   43     | expr . T_MENOR expr
   43     | expr T_MENOR expr .
   44     | expr . T_IGUAL expr
   45     | expr . T_E expr
   46     | expr . T_OU expr

    T_MAIS   shift, and go to state 55
    T_MENOS  shift, and go to state 56
    T_VEZES  shift, and go to state 57
    T_DIV    shift, and go to state 63

    $default  reduce using rule 43 (expr)


State 79

   38 expr: expr . T_VEZES expr
   39     | expr . T_DIV expr
   40     | expr . T_MAIS expr
   41     | expr . T_MENOS expr
   42     | expr . T_MAIOR expr
   43     | expr . T_MENOR expr
   44     | expr . T_IGUAL expr
   44     | expr T_IGUAL expr .
   45     | expr . T_E expr
   46     | expr . T_OU expr

    T_MAIS   shift, and go to state 55
    T_MENOS  shift, and go to state 56
    T_VEZES  shift, and go to state 57
    T_MAIOR  shift, and go to state 60
    T_MENOR  shift, and go to state 61
    T_DIV    shift, and go to state 63

    $default  reduce using rule 44 (expr)


State 80

   38 expr: expr . T_VEZES expr
   39     | expr . T_DIV expr
   39     | expr T_DIV expr .
   40     | expr . T_MAIS expr
   41     | expr . T_MENOS expr
   42     | expr . T_MAIOR expr
   43     | expr . T_MENOR expr
   44     | expr . T_IGUAL expr
   45     | expr . T_E expr
   46     | expr . T_OU expr

    $default  reduce using rule 39 (expr)


State 81

   35 selecao: T_SE expr T_ENTAO $@8 . lista_comandos T_SENAO $@9 lista_comandos T_FIMSE

    T_LEIA     shift, and go to state 19
    T_ESCREVA  shift, and go to state 20
    T_SE       shift, and go to state 21
    T_ENQTO    shift, and go to state 22
    T_REPITA   shift, and go to state 23
    T_IDENTIF  shift, and go to state 24

    $default  reduce using rule 17 (lista_comandos)

    lista_comandos  go to state 88
    comando         go to state 26
    leitura         go to state 27
    escrita         go to state 28
    repeticao       go to state 29
    repita          go to state 30
    selecao         go to state 31
    atribuicao      go to state 32


State 82

   29 repeticao: T_ENQTO $@4 expr T_FACA . $@5 lista_comandos T_FIMENQTO

    $default  reduce using rule 28 ($@5)

    $@5  go to state 89


State 83

   32 repita: T_REPITA $@6 lista_comandos T_ATE . $@7 expr T_FIMREPITA

    $default  reduce using rule 31 ($@7)

    $@7  go to state 90


State 84

   38 expr: expr . T_VEZES expr
   39     | expr . T_DIV expr
   40     | expr . T_MAIS expr
   41     | expr . T_MENOS expr
   42     | expr . T_MAIOR expr
   43     | expr . T_MENOR expr
   44     | expr . T_IGUAL expr
   45     | expr . T_E expr
   46     | expr . T_OU expr
   53 posicao: T_INICIO_VETOR expr . $@12 T_FIM_VETOR

    T_MAIS   shift, and go to state 55
    T_MENOS  shift, and go to state 56
    T_VEZES  shift, and go to state 57
    T_E      shift, and go to state 58
    T_OU     shift, and go to state 59
    T_MAIOR  shift, and go to state 60
    T_MENOR  shift, and go to state 61
    T_IGUAL  shift, and go to state 62
    T_DIV    shift, and go to state 63

    $default  reduce using rule 52 ($@12)

    $@12  go to state 91


State 85

   37 atribuicao: T_IDENTIF $@10 posicao T_ATRIB . expr

    T_V        shift, and go to state 36
    T_F        shift, and go to state 37
    T_NAO      shift, and go to state 38
    T_ABRE     shift, and go to state 39
    T_IDENTIF  shift, and go to state 40
    T_NUMERO   shift, and go to state 41

    expr   go to state 92
    termo  go to state 43


State 86

   16 tamanho: T_INICIO_VETOR T_NUMERO $@3 T_FIM_VETOR .

    $default  reduce using rule 16 (tamanho)


State 87

   50 indice: T_INICIO_VETOR expr $@11 . T_FIM_VETOR

    T_FIM_VETOR  shift, and go to state 93


State 88

   35 selecao: T_SE expr T_ENTAO $@8 lista_comandos . T_SENAO $@9 lista_comandos T_FIMSE

    T_SENAO  shift, and go to state 94


State 89

   29 repeticao: T_ENQTO $@4 expr T_FACA $@5 . lista_comandos T_FIMENQTO

    T_LEIA     shift, and go to state 19
    T_ESCREVA  shift, and go to state 20
    T_SE       shift, and go to state 21
    T_ENQTO    shift, and go to state 22
    T_REPITA   shift, and go to state 23
    T_IDENTIF  shift, and go to state 24

    $default  reduce using rule 17 (lista_comandos)

    lista_comandos  go to state 95
    comando         go to state 26
    leitura         go to state 27
    escrita         go to state 28
    repeticao       go to state 29
    repita          go to state 30
    selecao         go to state 31
    atribuicao      go to state 32


State 90

   32 repita: T_REPITA $@6 lista_comandos T_ATE $@7 . expr T_FIMREPITA

    T_V        shift, and go to state 36
    T_F        shift, and go to state 37
    T_NAO      shift, and go to state 38
    T_ABRE     shift, and go to state 39
    T_IDENTIF  shift, and go to state 40
    T_NUMERO   shift, and go to state 41

    expr   go to state 96
    termo  go to state 43


State 91

   53 posicao: T_INICIO_VETOR expr $@12 . T_FIM_VETOR

    T_FIM_VETOR  shift, and go to state 97


State 92

   37 atribuicao: T_IDENTIF $@10 posicao T_ATRIB expr .
   38 expr: expr . T_VEZES expr
   39     | expr . T_DIV expr
   40     | expr . T_MAIS expr
   41     | expr . T_MENOS expr
   42     | expr . T_MAIOR expr
   43     | expr . T_MENOR expr
   44     | expr . T_IGUAL expr
   45     | expr . T_E expr
   46     | expr . T_OU expr

    T_MAIS   shift, and go to state 55
    T_MENOS  shift, and go to state 56
    T_VEZES  shift, and go to state 57
    T_E      shift, and go to state 58
    T_OU     shift, and go to state 59
    T_MAIOR  shift, and go to state 60
    T_MENOR  shift, and go to state 61
    T_IGUAL  shift, and go to state 62
    T_DIV    shift, and go to state 63

    $default  reduce using rule 37 (atribuicao)


State 93

   50 indice: T_INICIO_VETOR expr $@11 T_FIM_VETOR .

    $default  reduce using rule 50 (indice)


State 94

   35 selecao: T_SE expr T_ENTAO $@8 lista_comandos T_SENAO . $@9 lista_comandos T_FIMSE

    $default  reduce using rule 34 ($@9)

    $@9  go to state 98


State 95

   29 repeticao: T_ENQTO $@4 expr T_FACA $@5 lista_comandos . T_FIMENQTO

    T_FIMENQTO  shift, and go to state 99


State 96

   32 repita: T_REPITA $@6 lista_comandos T_ATE $@7 expr . T_FIMREPITA
   38 expr: expr . T_VEZES expr
   39     | expr . T_DIV expr
   40     | expr . T_MAIS expr
   41     | expr . T_MENOS expr
   42     | expr . T_MAIOR expr
   43     | expr . T_MENOR expr
   44     | expr . T_IGUAL expr
   45     | expr . T_E expr
   46     | expr . T_OU expr

    T_FIMREPITA  shift, and go to state 100
    T_MAIS       shift, and go to state 55
    T_MENOS      shift, and go to state 56
    T_VEZES      shift, and go to state 57
    T_E          shift, and go to state 58
    T_OU         shift, and go to state 59
    T_MAIOR      shift, and go to state 60
    T_MENOR      shift, and go to state 61
    T_IGUAL      shift, and go to state 62
    T_DIV        shift, and go to state 63


State 97

   53 posicao: T_INICIO_VETOR expr $@12 T_FIM_VETOR .

    $default  reduce using rule 53 (posicao)


State 98

   35 selecao: T_SE expr T_ENTAO $@8 lista_comandos T_SENAO $@9 . lista_comandos T_FIMSE

    T_LEIA     shift, and go to state 19
    T_ESCREVA  shift, and go to state 20
    T_SE       shift, and go to state 21
    T_ENQTO    shift, and go to state 22
    T_REPITA   shift, and go to state 23
    T_IDENTIF  shift, and go to state 24

    $default  reduce using rule 17 (lista_comandos)

    lista_comandos  go to state 101
    comando         go to state 26
    leitura         go to state 27
    escrita         go to state 28
    repeticao       go to state 29
    repita          go to state 30
    selecao         go to state 31
    atribuicao      go to state 32


State 99

   29 repeticao: T_ENQTO $@4 expr T_FACA $@5 lista_comandos T_FIMENQTO .

    $default  reduce using rule 29 (repeticao)


State 100

   32 repita: T_REPITA $@6 lista_comandos T_ATE $@7 expr T_FIMREPITA .

    $default  reduce using rule 32 (repita)


State 101

   35 selecao: T_SE expr T_ENTAO $@8 lista_comandos T_SENAO $@9 lista_comandos . T_FIMSE

    T_FIMSE  shift, and go to state 102


State 102

   35 selecao: T_SE expr T_ENTAO $@8 lista_comandos T_SENAO $@9 lista_comandos T_FIMSE .

    $default  reduce using rule 35 (selecao)
